 Total Nb of available Diagnostics: ndiagt=   375
------------------------------------------------------------------------------------
  Num  |<-Name->|Levs|  mate |<- code ->|<--  Units   -->|<- Tile (max=80c)         
------------------------------------------------------------------------------------
     1 |SDIAG1  |  1 |       |SM      L1|user-defined    |User-Defined   Surface   Diagnostic  #1
     2 |SDIAG2  |  1 |       |SM      L1|user-defined    |User-Defined   Surface   Diagnostic  #2
     3 |SDIAG3  |  1 |       |SM      L1|user-defined    |User-Defined   Surface   Diagnostic  #3
     4 |SDIAG4  |  1 |       |SM      L1|user-defined    |User-Defined   Surface   Diagnostic  #4
     5 |SDIAG5  |  1 |       |SM      L1|user-defined    |User-Defined   Surface   Diagnostic  #5
     6 |SDIAG6  |  1 |       |SM      L1|user-defined    |User-Defined   Surface   Diagnostic  #6
     7 |SDIAG7  |  1 |       |SU      L1|user-defined    |User-Defined U.pt Surface Diagnostic #7
     8 |SDIAG8  |  1 |       |SV      L1|user-defined    |User-Defined V.pt Surface Diagnostic #8
     9 |SDIAG9  |  1 |    10 |UU      L1|user-defined    |User-Defined U.vector Surface Diag.  #9
    10 |SDIAG10 |  1 |     9 |VV      L1|user-defined    |User-Defined V.vector Surface Diag. #10
    11 |UDIAG1  | 23 |       |SM      MR|user-defined    |User-Defined Model-Level Diagnostic  #1
    12 |UDIAG2  | 23 |       |SM      MR|user-defined    |User-Defined Model-Level Diagnostic  #2
    13 |UDIAG3  | 23 |       |SMR     MR|user-defined    |User-Defined Model-Level Diagnostic  #3
    14 |UDIAG4  | 23 |       |SMR     MR|user-defined    |User-Defined Model-Level Diagnostic  #4
    15 |UDIAG5  | 23 |       |SU      MR|user-defined    |User-Defined U.pt Model-Level Diag.  #5
    16 |UDIAG6  | 23 |       |SV      MR|user-defined    |User-Defined V.pt Model-Level Diag.  #6
    17 |UDIAG7  | 23 |    18 |UUR     MR|user-defined    |User-Defined U.vector Model-Lev Diag.#7
    18 |UDIAG8  | 23 |    17 |VVR     MR|user-defined    |User-Defined V.vector Model-Lev Diag.#8
    19 |UDIAG9  | 23 |       |SM      ML|user-defined    |User-Defined Phys-Level  Diagnostic  #9
    20 |UDIAG10 | 23 |       |SM      ML|user-defined    |User-Defined Phys-Level  Diagnostic #10
    21 |SDIAGC  |  1 |    22 |SM  C   L1|user-defined    |User-Defined Counted Surface Diagnostic
    22 |SDIAGCC |  1 |       |SM      L1|count           |User-Defined Surface Diagnostic Counter
    23 |ETAN    |  1 |       |SM      M1|m               |Surface Height Anomaly
    24 |ETANSQ  |  1 |       |SM P    M1|m^2             |Square of Surface Height Anomaly
    25 |DETADT2 |  1 |       |SM      M1|m^2/s^2         |Square of Surface Height Anomaly Tendency
    26 |THETA   | 23 |       |SMR     MR|degC            |Potential Temperature
    27 |SALT    | 23 |       |SMR     MR|g/kg            |Salinity
    28 |RELHUM  | 23 |       |SMR     MR|percent         |Relative Humidity
    29 |SALTanom| 23 |       |SMR     MR|g/kg            |Salt anomaly (=SALT-35; g/kg)
    30 |UVEL    | 23 |    31 |UUR     MR|m/s             |Zonal Component of Velocity (m/s)
    31 |VVEL    | 23 |    30 |VVR     MR|m/s             |Meridional Component of Velocity (m/s)
    32 |WVEL    | 23 |       |WM      LR|m/s             |Vertical Component of Velocity (r_units/s)
    33 |THETASQ | 23 |       |SMRP    MR|degC^2          |Square of Potential Temperature
    34 |SALTSQ  | 23 |       |SMRP    MR|(g/kg)^2        |Square of Salinity
    35 |SALTSQan| 23 |       |SMRP    MR|(g/kg)^2        |Square of Salt anomaly (=(SALT-35)^2 (g^2/kg^2)
    36 |UVELSQ  | 23 |    37 |UURP    MR|m^2/s^2         |Square of Zonal Comp of Velocity (m^2/s^2)
    37 |VVELSQ  | 23 |    36 |VVRP    MR|m^2/s^2         |Square of Meridional Comp of Velocity (m^2/s^2)
    38 |WVELSQ  | 23 |       |WM P    LR|m^2/s^2         |Square of Vertical Comp of Velocity
    39 |UE_VEL_C| 23 |    40 |UMR     MR|m/s             |Eastward Velocity (m/s) (cell center)
    40 |VN_VEL_C| 23 |    39 |VMR     MR|m/s             |Northward Velocity (m/s) (cell center)
    41 |UV_VEL_C| 23 |    41 |UMR     MR|m^2/s^2         |Product of horizontal Comp of velocity (cell center)
    42 |UV_VEL_Z| 23 |    42 |UZR     MR|m^2/s^2         |Meridional Transport of Zonal Momentum (m^2/s^2)
    43 |WU_VEL  | 23 |       |WU      LR|m.m/s^2         |Vertical Transport of Zonal Momentum
    44 |WV_VEL  | 23 |       |WV      LR|m.m/s^2         |Vertical Transport of Meridional Momentum
    45 |UVELMASS| 23 |    46 |UUr     MR|m/s             |Zonal Mass-Weighted Comp of Velocity (m/s)
    46 |VVELMASS| 23 |    45 |VVr     MR|m/s             |Meridional Mass-Weighted Comp of Velocity (m/s)
    47 |WVELMASS| 23 |       |WM      LR|m/s             |Vertical Mass-Weighted Comp of Velocity
    48 |PhiVEL  | 23 |    45 |SMR P   MR|m^2/s           |Horizontal Velocity Potential (m^2/s)
    49 |PsiVEL  | 23 |    48 |SZ  P   MR|m.m^2/s         |Horizontal Velocity Stream-Function
    50 |UTHMASS | 23 |    51 |UUr     MR|degC.m/s        |Zonal Mass-Weight Transp of Pot Temp
    51 |VTHMASS | 23 |    50 |VVr     MR|degC.m/s        |Meridional Mass-Weight Transp of Pot Temp
    52 |WTHMASS | 23 |       |WM      LR|degC.m/s        |Vertical Mass-Weight Transp of Pot Temp (K.m/s)
    53 |USLTMASS| 23 |    54 |UUr     MR|g/kg.m/s        |Zonal Mass-Weight Transp of Salinity
    54 |VSLTMASS| 23 |    53 |VVr     MR|g/kg.m/s        |Meridional Mass-Weight Transp of Salinity
    55 |WSLTMASS| 23 |       |WM      LR|g/kg.m/s        |Vertical Mass-Weight Transp of Salinity
    56 |UVELTH  | 23 |    57 |UUR     MR|degC.m/s        |Zonal Transport of Pot Temp
    57 |VVELTH  | 23 |    56 |VVR     MR|degC.m/s        |Meridional Transport of Pot Temp
    58 |WVELTH  | 23 |       |WM      LR|degC.m/s        |Vertical Transport of Pot Temp
    59 |UVELSLT | 23 |    60 |UUR     MR|g/kg.m/s        |Zonal Transport of Salinity
    60 |VVELSLT | 23 |    59 |VVR     MR|g/kg.m/s        |Meridional Transport of Salinity
    61 |WVELSLT | 23 |       |WM      LR|g/kg.m/s        |Vertical Transport of Salinity
    62 |UVELPHI | 23 |    63 |UUr     MR|m^3/s^3         |Zonal Mass-Weight Transp of Pressure Pot.(p/rho) Anomaly
    63 |VVELPHI | 23 |    62 |VVr     MR|m^3/s^3         |Merid. Mass-Weight Transp of Pressure Pot.(p/rho) Anomaly
    64 |RHOAnoma| 23 |       |SMR     MR|kg/m^3          |Density Anomaly (=Rho-rhoConst)
    65 |RHOANOSQ| 23 |       |SMRP    MR|kg^2/m^6        |Square of Density Anomaly (=(Rho-rhoConst)^2)
    66 |URHOMASS| 23 |    67 |UUr     MR|kg/m^2/s        |Zonal Transport of Density
    67 |VRHOMASS| 23 |    66 |VVr     MR|kg/m^2/s        |Meridional Transport of Density
    68 |WRHOMASS| 23 |       |WM      LR|kg/m^2/s        |Vertical Transport of Density
    69 |WdRHO_P | 23 |       |WM      LR|kg/m^2/s        |Vertical velocity times delta^k(Rho)_at-const-P
    70 |WdRHOdP | 23 |       |WM      LR|kg/m^2/s        |Vertical velocity times delta^k(Rho)_at-const-T,S
    71 |PHIHYD  | 23 |       |SMR     MR|m^2/s^2         |Hydrostatic Pressure Pot.(p/rho) Anomaly
    72 |PHIHYDSQ| 23 |       |SMRP    MR|m^4/s^4         |Square of Hyd. Pressure Pot.(p/rho) Anomaly
    73 |PHIBOT  |  1 |       |SM      M1|m^2/s^2         |Bottom Pressure Pot.(p/rho) Anomaly
    74 |PHIBOTSQ|  1 |       |SM P    M1|m^4/s^4         |Square of Bottom Pressure Pot.(p/rho) Anomaly
    75 |PHI_SURF|  1 |       |SM      M1|m^2/s^2         |Surface Dynamical Pressure Pot.(p/rho)
    76 |MXLDEPTH|  1 |       |SM      M1|m               |Mixed-Layer Depth (>0)
    77 |DRHODR  | 23 |       |SM      LR|kg/m^4          |Stratification: d.Sigma/dr (kg/m3/r_unit)
    78 |CONVADJ | 23 |       |SMR     LR|fraction        |Convective Adjustment Index [0-1]
    79 |oceTAUX |  1 |    80 |UU      U1|N/m^2           |zonal surface wind stress, >0 increases uVel
    80 |oceTAUY |  1 |    79 |VV      U1|N/m^2           |meridional surf. wind stress, >0 increases vVel
    81 |atmPload|  1 |       |SM      U1|Pa              |Atmospheric pressure loading anomaly (vs surf_pRef)
    82 |sIceLoad|  1 |       |SM      U1|kg/m^2          |sea-ice loading (in Mass of ice+snow / area unit)
    83 |oceFWflx|  1 |       |SM      U1|kg/m^2/s        |net surface Fresh-Water flux into the ocean (+=down), >0 decreases salinity
    84 |oceSflux|  1 |       |SM      U1|g/m^2/s         |net surface Salt flux into the ocean (+=down), >0 increases salinity
    85 |oceQnet |  1 |       |SM      U1|W/m^2           |net surface heat flux into the ocean (+=down), >0 increases theta
    86 |oceQsw  |  1 |       |SM      U1|W/m^2           |net Short-Wave radiation (+=down), >0 increases theta
    87 |oceFreez|  1 |       |SM      U1|W/m^2           |heating from freezing of sea-water (allowFreezing=T)
    88 |TRELAX  |  1 |       |SM      U1|W/m^2           |surface temperature relaxation, >0 increases theta
    89 |SRELAX  |  1 |       |SM      U1|g/m^2/s         |surface salinity relaxation, >0 increases salt
    90 |surForcT|  1 |       |SM      U1|W/m^2           |model surface forcing for Temperature, >0 increases theta
    91 |surForcS|  1 |       |SM      U1|g/m^2/s         |model surface forcing for Salinity, >0 increases salinity
    92 |TFLUX   |  1 |       |SM      U1|W/m^2           |total heat flux (match heat-content variations), >0 increases theta
    93 |SFLUX   |  1 |       |SM      U1|g/m^2/s         |total salt flux (match salt-content variations), >0 increases salt
    94 |RCENTER | 23 |       |SM      MR|m               |Cell-Center Height
    95 |RSURF   |  1 |       |SM      M1|m               |Surface Height
    96 |TOTUTEND| 23 |    97 |UUR     MR|m/s/day         |Tendency of Zonal Component of Velocity
    97 |TOTVTEND| 23 |    96 |VVR     MR|m/s/day         |Tendency of Meridional Component of Velocity
    98 |TOTTTEND| 23 |       |SMR     MR|degC/day        |Tendency of Potential Temperature
    99 |TOTSTEND| 23 |       |SMR     MR|g/kg/day        |Tendency of Salinity
------------------------------------------------------------------------------------
  Num  |<-Name->|Levs|  mate |<- code ->|<--  Units   -->|<- Tile (max=80c)         
------------------------------------------------------------------------------------
   100 |MoistCor| 23 |       |SM      MR|W/m^2           |Heating correction due to moist thermodynamics
   101 |gT_Forc | 23 |       |SMR     MR|degC/s          |Potential Temp. forcing tendency
   102 |gS_Forc | 23 |       |SMR     MR|g/kg/s          |Salinity forcing tendency
   103 |AB_gT   | 23 |       |SMR     MR|degC/s          |Potential Temp. tendency from Adams-Bashforth
   104 |AB_gS   | 23 |       |SMR     MR|g/kg/s          |Salinity tendency from Adams-Bashforth
   105 |gTinAB  | 23 |       |SMR     MR|degC/s          |Potential Temp. tendency going in Adams-Bashforth
   106 |gSinAB  | 23 |       |SMR     MR|g/kg/s          |Salinity tendency going in Adams-Bashforth
   107 |AB_gU   | 23 |   108 |UUR     MR|m/s^2           |U momentum tendency from Adams-Bashforth
   108 |AB_gV   | 23 |   107 |VVR     MR|m/s^2           |V momentum tendency from Adams-Bashforth
   109 |ADJetan |  1 |       |SM A    M1|dJ/m            |dJ/dEtaN: Sensitivity to sea surface height anomaly
   110 |ADJuvel | 23 |   111 |UURA    MR|dJ/(m/s)        |dJ/dU: Sensitivity to zonal velocity
   111 |ADJvvel | 23 |   110 |VVRA    MR|dJ/(m/s)        |dJ/dV: Sensitivity to meridional velocity
   112 |ADJwvel | 23 |       |WM A    LR|dJ/(m/s)        |dJ/dW: Sensitivity to vertical velocity
   113 |ADJtheta| 23 |       |SMRA    MR|dJ/degC         |dJ/dTheta: Sensitivity to potential temperature
   114 |ADJsalt | 23 |       |SMRA    MR|dJ/(g/kg)       |dJ/dSalt: Sensitivity to salinity
   115 |ADJtaux |  1 |   116 |UU A    U1|dJ/(N/m^2)      |dJ/dTaux: Senstivity to zonal surface wind stress
   116 |ADJtauy |  1 |   115 |VV A    U1|dJ/(N/m^2)      |dJ/dTauy: Sensitivity to merid. surface wind stress
   117 |ADJempmr|  1 |       |SM A    U1|dJ/(kg/m^2/s)   |dJ/dEmPmR: Sensitivity to net surface Fresh-Water flux into the ocean
   118 |ADJqnet |  1 |       |SM A    U1|dJ/(W/m^2)      |dJ/dQnet: Sensitivity to net surface heat fluxinto the ocean
   119 |ADJqsw  |  1 |       |SM A    U1|dJ/(W/m^2)      |dJ/dQsw: Sensitivitiy to net Short-Wave radiation
   120 |ADJsst  |  1 |       |SM A    M1|dJ/K            |dJ/dSST: Sensitivity to Sea Surface Temperature
   121 |ADJsss  |  1 |       |SM A    M1|dJ/(g/kg)       |dJ/dSSS: Sensitivity to Sea Surface Salinity
   122 |ADJbtdrg|  1 |       |SM A    M1|dJ/d()          |dJ/dCd: Sensitivity to bottom drag coefficient
   123 |ADJdifkr| 23 |       |SMRA    MR|dJ/d(m^2/s))    |dJ/dKr: Sensitivity to vertical diffusivity
   124 |ADJepsix| 23 |   125 |UURA    UR|dJ/(m^2/s)      |dJ/dEddyPsiX: Sensitivity to zonal eddystreamfunction
   125 |ADJepsiy| 23 |   124 |VVRA    UR|dJ/(m^2/s)      |dJ/dEddyPsiY: Sensitivity to meridional eddystreamfunction
   126 |ADVr_TH | 23 |       |WM      LR|degC.m^3/s      |Vertical   Advective Flux of Pot.Temperature
   127 |ADVx_TH | 23 |   128 |UU      MR|degC.m^3/s      |Zonal      Advective Flux of Pot.Temperature
   128 |ADVy_TH | 23 |   127 |VV      MR|degC.m^3/s      |Meridional Advective Flux of Pot.Temperature
   129 |DFrE_TH | 23 |       |WM      LR|degC.m^3/s      |Vertical Diffusive Flux of Pot.Temperature (Explicit part)
   130 |DFxE_TH | 23 |   131 |UU      MR|degC.m^3/s      |Zonal      Diffusive Flux of Pot.Temperature
   131 |DFyE_TH | 23 |   130 |VV      MR|degC.m^3/s      |Meridional Diffusive Flux of Pot.Temperature
   132 |DFrI_TH | 23 |       |WM      LR|degC.m^3/s      |Vertical Diffusive Flux of Pot.Temperature (Implicit part)
   133 |ADVr_SLT| 23 |       |WM      LR|g/kg.m^3/s      |Vertical   Advective Flux of Salinity
   134 |ADVx_SLT| 23 |   135 |UU      MR|g/kg.m^3/s      |Zonal      Advective Flux of Salinity
   135 |ADVy_SLT| 23 |   134 |VV      MR|g/kg.m^3/s      |Meridional Advective Flux of Salinity
   136 |DFrE_SLT| 23 |       |WM      LR|g/kg.m^3/s      |Vertical Diffusive Flux of Salinity    (Explicit part)
   137 |DFxE_SLT| 23 |   138 |UU      MR|g/kg.m^3/s      |Zonal      Diffusive Flux of Salinity
   138 |DFyE_SLT| 23 |   137 |VV      MR|g/kg.m^3/s      |Meridional Diffusive Flux of Salinity
   139 |DFrI_SLT| 23 |       |WM      LR|g/kg.m^3/s      |Vertical Diffusive Flux of Salinity    (Implicit part)
   140 |SALTFILL| 23 |       |SM      MR|g/kg.m^3/s      |Filling of Negative Values of Salinity
   141 |VISCAHZ | 23 |       |SZ      MR|m^2/s           |Harmonic Visc Coefficient (m2/s) (Zeta Pt)
   142 |VISCA4Z | 23 |       |SZ      MR|m^4/s           |Biharmonic Visc Coefficient (m4/s) (Zeta Pt)
   143 |VISCAHD | 23 |       |SM      MR|m^2/s           |Harmonic Viscosity Coefficient (m2/s) (Div Pt)
   144 |VISCA4D | 23 |       |SM      MR|m^4/s           |Biharmonic Viscosity Coefficient (m4/s) (Div Pt)
   145 |VISCAHW | 23 |       |WM      LR|m^2/s           |Harmonic Viscosity Coefficient (m2/s) (W Pt)
   146 |VISCA4W | 23 |       |WM      LR|m^4/s           |Biharmonic Viscosity Coefficient (m4/s) (W Pt)
   147 |VAHZMAX | 23 |       |SZ      MR|m^2/s           |CFL-MAX Harm Visc Coefficient (m2/s) (Zeta Pt)
   148 |VA4ZMAX | 23 |       |SZ      MR|m^4/s           |CFL-MAX Biharm Visc Coefficient (m4/s) (Zeta Pt)
   149 |VAHDMAX | 23 |       |SM      MR|m^2/s           |CFL-MAX Harm Visc Coefficient (m2/s) (Div Pt)
   150 |VA4DMAX | 23 |       |SM      MR|m^4/s           |CFL-MAX Biharm Visc Coefficient (m4/s) (Div Pt)
   151 |VAHZMIN | 23 |       |SZ      MR|m^2/s           |RE-MIN Harm Visc Coefficient (m2/s) (Zeta Pt)
   152 |VA4ZMIN | 23 |       |SZ      MR|m^4/s           |RE-MIN Biharm Visc Coefficient (m4/s) (Zeta Pt)
   153 |VAHDMIN | 23 |       |SM      MR|m^2/s           |RE-MIN Harm Visc Coefficient (m2/s) (Div Pt)
   154 |VA4DMIN | 23 |       |SM      MR|m^4/s           |RE-MIN Biharm Visc Coefficient (m4/s) (Div Pt)
   155 |VAHZLTH | 23 |       |SZ      MR|m^2/s           |Leith Harm Visc Coefficient (m2/s) (Zeta Pt)
   156 |VA4ZLTH | 23 |       |SZ      MR|m^4/s           |Leith Biharm Visc Coefficient (m4/s) (Zeta Pt)
   157 |VAHDLTH | 23 |       |SM      MR|m^2/s           |Leith Harm Visc Coefficient (m2/s) (Div Pt)
   158 |VA4DLTH | 23 |       |SM      MR|m^4/s           |Leith Biharm Visc Coefficient (m4/s) (Div Pt)
   159 |VAHZLTHD| 23 |       |SZ      MR|m^2/s           |LeithD Harm Visc Coefficient (m2/s) (Zeta Pt)
   160 |VA4ZLTHD| 23 |       |SZ      MR|m^4/s           |LeithD Biharm Visc Coefficient (m4/s) (Zeta Pt)
   161 |VAHDLTHD| 23 |       |SM      MR|m^2/s           |LeithD Harm Visc Coefficient (m2/s) (Div Pt)
   162 |VA4DLTHD| 23 |       |SM      MR|m^4/s           |LeithD Biharm Visc Coefficient (m4/s) (Div Pt)
   163 |VAHZSMAG| 23 |       |SZ      MR|m^2/s           |Smagorinsky Harm Visc Coefficient (m2/s) (Zeta Pt)
   164 |VA4ZSMAG| 23 |       |SZ      MR|m^4/s           |Smagorinsky Biharm Visc Coeff. (m4/s) (Zeta Pt)
   165 |VAHDSMAG| 23 |       |SM      MR|m^2/s           |Smagorinsky Harm Visc Coefficient (m2/s) (Div Pt)
   166 |VA4DSMAG| 23 |       |SM      MR|m^4/s           |Smagorinsky Biharm Visc Coeff. (m4/s) (Div Pt)
   167 |momKE   | 23 |       |SMR     MR|m^2/s^2         |Kinetic Energy (in momentum Eq.)
   168 |momHDiv | 23 |       |SMR     MR|s^-1            |Horizontal Divergence (in momentum Eq.)
   169 |momVort3| 23 |       |SZR     MR|s^-1            |3rd component (vertical) of Vorticity
   170 |Strain  | 23 |       |SZR     MR|s^-1            |Horizontal Strain of Horizontal Velocities
   171 |Tension | 23 |       |SMR     MR|s^-1            |Horizontal Tension of Horizontal Velocities
   172 |Stretch | 23 |       |SM      MR|s^-1            |Vortex stretching from QG Leith dynamic viscosity
   173 |USidDrag| 23 |   174 |UUR     MR|m/s^2           |U momentum tendency from Side Drag
   174 |VSidDrag| 23 |   173 |VVR     MR|m/s^2           |V momentum tendency from Side Drag
   175 |Um_Diss | 23 |   176 |UUR     MR|m/s^2           |U momentum tendency from Dissipation (Explicit part)
   176 |Vm_Diss | 23 |   175 |VVR     MR|m/s^2           |V momentum tendency from Dissipation (Explicit part)
   177 |Um_ImplD| 23 |   178 |UUR     MR|m/s^2           |U momentum tendency from Dissipation (Implicit part)
   178 |Vm_ImplD| 23 |   177 |VVR     MR|m/s^2           |V momentum tendency from Dissipation (Implicit part)
   179 |Um_Advec| 23 |   180 |UUR     MR|m/s^2           |U momentum tendency from Advection terms
   180 |Vm_Advec| 23 |   179 |VVR     MR|m/s^2           |V momentum tendency from Advection terms
   181 |Um_Cori | 23 |   182 |UUR     MR|m/s^2           |U momentum tendency from Coriolis term
   182 |Vm_Cori | 23 |   181 |VVR     MR|m/s^2           |V momentum tendency from Coriolis term
   183 |Um_dPhiX| 23 |   184 |UUR     MR|m/s^2           |U momentum tendency from Pressure/Potential grad
   184 |Vm_dPhiY| 23 |   183 |VVR     MR|m/s^2           |V momentum tendency from Pressure/Potential grad
   185 |Um_Ext  | 23 |   186 |UUR     MR|m/s^2           |U momentum tendency from external forcing
   186 |Vm_Ext  | 23 |   185 |VVR     MR|m/s^2           |V momentum tendency from external forcing
   187 |Um_AdvZ3| 23 |   188 |UUR     MR|m/s^2           |U momentum tendency from Vorticity Advection
   188 |Vm_AdvZ3| 23 |   187 |VVR     MR|m/s^2           |V momentum tendency from Vorticity Advection
   189 |Um_AdvRe| 23 |   190 |UUR     MR|m/s^2           |U momentum tendency from vertical Advection (Explicit part)
   190 |Vm_AdvRe| 23 |   189 |VVR     MR|m/s^2           |V momentum tendency from vertical Advection (Explicit part)
   191 |botTauX |  1 |   192 |UU      U1|N/m^2           |zonal bottom stress, >0 increases uVel
   192 |botTauY |  1 |   191 |VV      U1|N/m^2           |meridional bottom stress, >0 increases vVel
   193 |ADVx_Um | 23 |   194 |UM      MR|m^4/s^2         |Zonal      Advective Flux of U momentum
   194 |ADVy_Um | 23 |   193 |VZ      MR|m^4/s^2         |Meridional Advective Flux of U momentum
   195 |ADVrE_Um| 23 |       |WU      LR|m^4/s^2         |Vertical   Advective Flux of U momentum (Explicit part)
   196 |ADVx_Vm | 23 |   197 |UZ      MR|m^4/s^2         |Zonal      Advective Flux of V momentum
   197 |ADVy_Vm | 23 |   196 |VM      MR|m^4/s^2         |Meridional Advective Flux of V momentum
   198 |ADVrE_Vm| 23 |       |WV      LR|m^4/s^2         |Vertical   Advective Flux of V momentum (Explicit part)
   199 |VISCx_Um| 23 |   200 |UM      MR|m^4/s^2         |Zonal      Viscous Flux of U momentum
------------------------------------------------------------------------------------
  Num  |<-Name->|Levs|  mate |<- code ->|<--  Units   -->|<- Tile (max=80c)         
------------------------------------------------------------------------------------
   200 |VISCy_Um| 23 |   199 |VZ      MR|m^4/s^2         |Meridional Viscous Flux of U momentum
   201 |VISrE_Um| 23 |       |WU      LR|m^4/s^2         |Vertical   Viscous Flux of U momentum (Explicit part)
   202 |VISrI_Um| 23 |       |WU      LR|m^4/s^2         |Vertical   Viscous Flux of U momentum (Implicit part)
   203 |VISCx_Vm| 23 |   204 |UZ      MR|m^4/s^2         |Zonal      Viscous Flux of V momentum
   204 |VISCy_Vm| 23 |   203 |VM      MR|m^4/s^2         |Meridional Viscous Flux of V momentum
   205 |VISrE_Vm| 23 |       |WV      LR|m^4/s^2         |Vertical   Viscous Flux of V momentum (Explicit part)
   206 |VISrI_Vm| 23 |       |WV      LR|m^4/s^2         |Vertical   Viscous Flux of V momentum (Implicit part)
   207 |EXFhs   |  1 |       |SM      U1|W/m^2           |Sensible heat flux into ocean, >0 increases theta
   208 |EXFhl   |  1 |       |SM      U1|W/m^2           |Latent heat flux into ocean, >0 increases theta
   209 |EXFlwnet|  1 |       |SM      U1|W/m^2           |Net upward longwave radiation, >0 decreases theta
   210 |EXFswnet|  1 |       |SM      U1|W/m^2           |Net upward shortwave radiation, >0 decreases theta
   211 |EXFlwdn |  1 |       |SM      U1|W/m^2           |Downward longwave radiation, >0 increases theta
   212 |EXFswdn |  1 |       |SM      U1|W/m^2           |Downward shortwave radiation, >0 increases theta
   213 |EXFqnet |  1 |       |SM      U1|W/m^2           |Net upward heat flux (turb+rad), >0 decreases theta
   214 |EXFtaux |  1 |       |UM      U1|N/m^2           |zonal surface wind stress, >0 increases uVel
   215 |EXFtauy |  1 |       |VM      U1|N/m^2           |meridional surface wind stress, >0 increases vVel
   216 |EXFuwind|  1 |       |UM      U1|m/s             |zonal 10-m wind speed, >0 eastward
   217 |EXFvwind|  1 |       |VM      U1|m/s             |meridional 10-m wind speed, >0 northward
   218 |EXFurelw|  1 |       |UM      U1|m/s             |zonal relative 10-m wind speed, >0 eastward
   219 |EXFvrelw|  1 |       |VM      U1|m/s             |meridional relative 10-m wind speed, >0 northward
   220 |EXFwspee|  1 |       |SM      U1|m/s             |10-m wind speed modulus ( >= 0 )
   221 |EXFatemp|  1 |       |SM      U1|degK            |surface (2-m) air temperature
   222 |EXFaqh  |  1 |       |SM      U1|kg/kg           |surface (2-m) specific humidity
   223 |EXFevap |  1 |       |SM      U1|m/s             |evaporation, > 0 increases salinity
   224 |EXFpreci|  1 |       |SM      U1|m/s             |precipitation, > 0 decreases salinity
   225 |EXFsnow |  1 |       |SM      U1|m/s             |snow precipitation, > 0 decreases salinity
   226 |EXFempmr|  1 |       |SM      U1|m/s             |net upward freshwater flux, > 0 increases salinity
   227 |EXFpress|  1 |       |SM      U1|N/m^2           |atmospheric pressure field
   228 |EXFroff |  1 |       |SM      U1|m/s             |river runoff, > 0 decreases salinity
   229 |EXFroft |  1 |       |SM      U1|deg C           |river runoff temperature
   230 |EXFsalfx|  1 |       |SM      U1|g/m^2/s         |upward salt flux, > 0 decreases salinity
   231 |ADJustrs|  1 |   232 |UM A    U1|dJ/(N/m^2)      |dJ/dustress: Senstivity to zonal surface wind stress
   232 |ADJvstrs|  1 |   231 |VM A    U1|dJ/(N/m^2)      |dJ/dvstrs: Sensitivity to merid. surface wind stress
   233 |ADJhflux|  1 |       |SM A    U1|dJ/(W/m^2)      |dJ/dhflux: Sensitivity to upward heat flux
   234 |ADJsflux|  1 |       |SM A    U1|dJ/(m/s)        |dJ/dhflux: Sensitivity to upward fresh water flux
   235 |ADJatemp|  1 |       |SM A    U1|dJ/K            |dJ/datemp: Sensitivity to atmos. surface temperature
   236 |ADJpreci|  1 |       |SM A    U1|dJ/(m/s)        |dJ/daqh: Sensitivity to precipitation
   237 |ADJroff |  1 |       |SM A    U1|dJ/(m/s)        |dJ/daqh: Sensitivity to river runoff
   238 |ADJswdn |  1 |       |SM A    U1|dJ/(W/m^2)      |dJ/dswdown: Sensitivity to downward SW radiation
   239 |ADJlwdn |  1 |       |SM A    U1|dJ/(W/m^2)      |dJ/dlwdown: Sensitivity to downward LW radiation
   240 |ADJuwind|  1 |       |UM A    U1|dJ/d(m/s)       |dJ/duwind: Senstivity to zonal 10-m wind speed
   241 |ADJvwind|  1 |       |VM A    U1|dJ/d(m/s)       |dJ/dvwind: Senstivity to meridional 10-m wind speed
   242 |ADJclsst|  1 |       |SM A    U1|dJ/K            |dJ/dclimsst: Sensitivity to restoring SST
   243 |ADJclsss|  1 |       |SM A    U1|dJ/(g/kg)       |dJ/dclimsss: Sensitivity to restoring SSS
   244 |KPPviscA| 23 |       |SM P    LR|m^2/s           |KPP vertical eddy viscosity coefficient
   245 |KPPdiffS| 23 |       |SM P    LR|m^2/s           |Vertical diffusion coefficient for salt & tracers
   246 |KPPdiffT| 23 |       |SM P    LR|m^2/s           |Vertical diffusion coefficient for heat
   247 |KPPghatK| 23 |       |SM P    LR|0-1             |ratio of KPP non-local (salt) flux relative to surface-flux
   248 |KPPhbl  |  1 |       |SM P     1|m               |KPP boundary layer depth, bulk Ri criterion
   249 |KPPfrac |  1 |       |SM P     1|                |Short-wave flux fraction penetrating mixing layer
   250 |KPPdbsfc| 23 |       |SM P    UR|m/s^2           |Buoyancy difference with respect to surface
   251 |KPPbfsfc| 23 |       |SM P    UR|m^2/s^3         |Bo+radiation absorbed to d=hbf*hbl + plume
   252 |KPPRi   | 23 |       |SM P    UR|non-dimensional |Bulk Richardson number
   253 |KPPbo   |  1 |       |SM P     1|m^2/s^3         |Surface turbulent buoyancy forcing
   254 |KPPbosol|  1 |       |SM P     1|m^2/s^3         |surface radiative buoyancy forcing
   255 |KPPdbloc| 23 |       |SM P    UR|m/s^2           |Local delta buoyancy across interfaces
   256 |KPPshsq | 23 |       |SM P    UR|m^2/s^2         |Local shear (V(k-1)-V(k))^2
   257 |KPPdVsq | 23 |       |SM P    UR|m^2/s^2         |Shear relative to surface (V(ksrf)-V(k))**2
   258 |KPPnuddt| 23 |       |SM P    UR|m^2/s           |Vertical double diffusion coefficient for heat
   259 |KPPnudds| 23 |       |SM P    UR|m^2/s           |Vertical double diffusion coefficient for salt
   260 |KPPg_TH | 23 |       |WM      LR|degC.m^3/s      |KPP non-local Flux of Pot.Temperature
   261 |KPPg_SLT| 23 |       |WM      LR|g/kg.m^3/s      |KPP non-local Flux of Salinity
   262 |KPPpfrac|  1 |       |SM P     1|                |Salt plume flux fraction penetrating mixing layer
   263 |KPPboplm|  1 |       |SM P     1|m^2/s^3         |Surface haline buoyancy forcing
   264 |GM_VisbK|  1 |       |SM P    M1|m^2/s           |Mixing coefficient from Visbeck etal parameterization
   265 |GM_hTrsL|  1 |       |SM P    M1|m               |Base depth (>0) of the Transition Layer
   266 |GM_baseS|  1 |       |SM P    M1|1               |Slope at the base of the Transition Layer
   267 |GM_rLamb|  1 |       |SM P    M1|1/m             |Slope vertical gradient at Trans. Layer Base (=recip.Lambda)
   268 |GM_Kux  | 23 |   269 |UU P    MR|m^2/s           |K_11 element (U.point, X.dir) of GM-Redi tensor
   269 |GM_Kvy  | 23 |   268 |VV P    MR|m^2/s           |K_22 element (V.point, Y.dir) of GM-Redi tensor
   270 |GM_Kuz  | 23 |   271 |UU      MR|m^2/s           |K_13 element (U.point, Z.dir) of GM-Redi tensor
   271 |GM_Kvz  | 23 |   270 |VV      MR|m^2/s           |K_23 element (V.point, Z.dir) of GM-Redi tensor
   272 |GM_Kwx  | 23 |   273 |UM      LR|m^2/s           |K_31 element (W.point, X.dir) of GM-Redi tensor
   273 |GM_Kwy  | 23 |   272 |VM      LR|m^2/s           |K_32 element (W.point, Y.dir) of GM-Redi tensor
   274 |GM_Kwz  | 23 |       |WM P    LR|m^2/s           |K_33 element (W.point, Z.dir) of GM-Redi tensor
   275 |GM_PsiX | 23 |   276 |UU      LR|m^2/s           |GM Bolus transport stream-function : U component
   276 |GM_PsiY | 23 |   275 |VV      LR|m^2/s           |GM Bolus transport stream-function : V component
   277 |GM_KuzTz| 23 |   278 |UU      MR|degC.m^3/s      |Redi Off-diagonal Temperature flux: X component
   278 |GM_KvzTz| 23 |   277 |VV      MR|degC.m^3/s      |Redi Off-diagonal Temperature flux: Y component
   279 |GM_KwzTz| 23 |       |WM      LR|degC.m^3/s      |Redi main-diagonal vertical Temperature flux
   280 |GM_ubT  | 23 |   281 |UUr     MR|degC.m^3/s      |Zonal Mass-Weight Bolus Transp of Pot Temp
   281 |GM_vbT  | 23 |   280 |VVr     MR|degC.m^3/s      |Meridional Mass-Weight Bolus Transp of Pot Temp
   282 |ADJkapgm| 23 |       |SMRA    MR|dJ/d[m^2/s]     |dJ/dKgm: Sensitivity to GM Intensity
   283 |ADJkapre| 23 |       |SMRA    MR|dJ/d[m^2/s]     |dJ/dKredi: Sensitivity to Redi Coefficient
   284 |DSLPuFlw|  1 |   285 |UU      M1|m^3/s           |Zonal  Down-Sloping Transport (u-component)
   285 |DSLPvFlw|  1 |   284 |VV      M1|m^3/s           |Merid. Down-Sloping Transport (v-component)
   286 |DSLP_TH | 23 |       |SMR     MR|K/s             |Pot.Temp. tendency from Down-Slope package
   287 |DSLP_SLT| 23 |       |SMR     MR|g/kg/s          |Salinity  tendency from Down-Slope package
   288 |SSH     |  1 |       |SM      M1|m               |Dynamic Sea Surface Height Anomaly
   289 |SSHIBC  |  1 |       |SM      M1|m               |Inverted Barometer (IB) Correction to Sea Surface Height
   290 |SSHNOIBC|  1 |       |SM      M1|m               |Sea Surface Height Anomaly without IB Correction (=SSH+SSHIBC)
   291 |STERICHT|  1 |       |SM      M1|m               |Steric Sea Surface Height Anomaly (=SSH-OBP)
   292 |OBP     |  1 |       |SM      M1|m               |Ocean Bottom Pressure
   293 |OBPGMAP |  1 |       |SM      M1|m               |Ocean Bottom Pressure Including Global Mean Atmospheric Pressure
   294 |SIarea  |  1 |       |SM      M1|m^2/m^2         |SEAICE fractional ice-covered area [0 to 1]
   295 |SIareaPR|  1 |       |SM      M1|m^2/m^2         |SIarea preceeding ridging process
   296 |SIareaPT|  1 |       |SM      M1|m^2/m^2         |SIarea preceeding thermodynamic growth/melt
   297 |SIheff  |  1 |       |SM      M1|m               |SEAICE effective ice thickness
   298 |SIheffPT|  1 |       |SM      M1|m               |SIheff preceeeding thermodynamic growth/melt
   299 |SIhsnow |  1 |       |SM      M1|m               |SEAICE effective snow thickness
------------------------------------------------------------------------------------
  Num  |<-Name->|Levs|  mate |<- code ->|<--  Units   -->|<- Tile (max=80c)         
------------------------------------------------------------------------------------
   300 |SIhsnoPT|  1 |       |SM      M1|m               |SIhsnow preceeeding thermodynamic growth/melt
   301 |SIhsalt |  1 |       |SM      M1|g/m^2           |SEAICE effective salinity
   302 |SIenpa  |  1 |       |SM      M1|W/m^2           |SEAICE power input by surface wind stresses
   303 |SIenpw  |  1 |       |SM      M1|W/m^2           |SEAICE work done by ocean drag
   304 |SIenph  |  1 |       |SM      M1|W/m^2           |SEAICE power due to change in inertia
   305 |SIenpg  |  1 |       |SM      M1|W/m^2           |SEAICE work generated by gravity
   306 |SIenpi  |  1 |       |SM      M1|W/m^2           |SEAICE work done by internal stress
   307 |SIenpot |  1 |       |SM      M1|W/m^2           |SEAICE work done to change potential energy
   308 |SIpRfric|  1 |       |SM      M1|W/m^2           |SEAICE dissipation in ridging by internal stresses
   309 |SIpSfric|  1 |       |SM      M1|W/m^2           |SEAICE dissipation in shearing by internal stresses
   310 |SItices |  1 |   294 |SM  C   M1|K               |Surface Temperature over Sea-Ice (area weighted)
   311 |SIuice  |  1 |   312 |UU      M1|m/s             |SEAICE zonal ice velocity, >0 from West to East
   312 |SIvice  |  1 |   311 |VV      M1|m/s             |SEAICE merid. ice velocity, >0 from South to North
   313 |SItaux  |  1 |   314 |UU      U1|N/m^2           |SEAICE zonal surface wind stress, >0 increases uIce
   314 |SItauy  |  1 |   313 |VV      U1|N/m^2           |SEAICE merid surface wind stress, >0 increases vIce
   315 |SIatmTx |  1 |   316 |UU      U1|N/m^2           |Zonal surface wind stress over Ocean+SeaIce
   316 |SIatmTy |  1 |   315 |VV      U1|N/m^2           |Merid surface wind stress over Ocean+SeaIce
   317 |SIqnet  |  1 |       |SM      U1|W/m^2           |Ocean surface heatflux, turb+rad, >0 decreases theta
   318 |SIqsw   |  1 |       |SM      U1|W/m^2           |Ocean surface shortwave radiat., >0 decreases theta
   319 |SIatmQnt|  1 |       |SM      U1|W/m^2           |Net atmospheric heat flux, >0 decreases theta
   320 |SItflux |  1 |       |SM      U1|W/m^2           |Same as TFLUX but incl seaice (>0 incr T decr H)
   321 |SIhl    |  1 |       |SM      U1|W/m^2           |Latent heat flux into ocean, >0 increases theta
   322 |SIqneto |  1 |       |SM      U1|W/m^2           |Open Ocean Part of SIqnet, turb+rad, >0 decr theta
   323 |SIqneti |  1 |       |SM      U1|W/m^2           |Ice Covered Part of SIqnet, turb+rad, >0 decr theta
   324 |SIempmr |  1 |       |SM      U1|kg/m^2/s        |Ocean surface freshwater flux, > 0 increases salt
   325 |SIatmFW |  1 |       |SM      U1|kg/m^2/s        |Net freshwater flux from atmosphere & land (+=down)
   326 |SIsnPrcp|  1 |       |SM      U1|kg/m^2/s        |Snow precip. (+=dw) over Sea-Ice (area weighted)
   327 |SIfwSubl|  1 |       |SM      U1|kg/m^2/s        |Potential sublimation freshwater flux, >0 decr. ice
   328 |SIacSubl|  1 |       |SM      U1|kg/m^2/s        |Actual sublimation freshwater flux, >0 decr. ice
   329 |SIrsSubl|  1 |       |SM      U1|kg/m^2/s        |Residual subl. freshwater flux, >0 taken from ocn
   330 |SIactLHF|  1 |       |SM      U1|W/m^2           |Actual latent heat flux over ice
   331 |SImaxLHF|  1 |       |SM      U1|W/m^2           |Maximum latent heat flux over ice
   332 |SIaQbOCN|  1 |       |SM      M1|m/s             |Potential HEFF rate of change by ocean ice flux
   333 |SIaQbATC|  1 |       |SM      M1|m/s             |Potential HEFF rate of change by atm flux over ice
   334 |SIaQbATO|  1 |       |SM      M1|m/s             |Potential HEFF rate of change by open ocn atm flux
   335 |SIdHbOCN|  1 |       |SM      M1|m/s             |HEFF rate of change by ocean ice flux
   336 |SIdSbATC|  1 |       |SM      M1|m/s             |HSNOW rate of change by atm flux over sea ice
   337 |SIdSbOCN|  1 |       |SM      M1|m/s             |HSNOW rate of change by ocean ice flux
   338 |SIdHbATC|  1 |       |SM      M1|m/s             |HEFF rate of change by atm flux over sea ice
   339 |SIdHbATO|  1 |       |SM      M1|m/s             |HEFF rate of change by open ocn atm flux
   340 |SIdHbFLO|  1 |       |SM      M1|m/s             |HEFF rate of change by flooding snow
   341 |SIdAbATO|  1 |       |SM      M1|m^2/m^2/s       |Potential AREA rate of change by open ocn atm flux
   342 |SIdAbATC|  1 |       |SM      M1|m^2/m^2/s       |Potential AREA rate of change by atm flux over ice
   343 |SIdAbOCN|  1 |       |SM      M1|m^2/m^2/s       |Potential AREA rate of change by ocean ice flux
   344 |SIdA    |  1 |       |SM      M1|m^2/m^2/s       |AREA rate of change (net)
   345 |ADVxHEFF|  1 |   346 |UU      M1|m.m^2/s         |Zonal      Advective Flux of eff ice thickn
   346 |ADVyHEFF|  1 |   345 |VV      M1|m.m^2/s         |Meridional Advective Flux of eff ice thickn
   347 |DFxEHEFF|  1 |   348 |UU      M1|m.m^2/s         |Zonal      Diffusive Flux of eff ice thickn
   348 |DFyEHEFF|  1 |   347 |VV      M1|m.m^2/s         |Meridional Diffusive Flux of eff ice thickn
   349 |ADVxAREA|  1 |   350 |UU      M1|m^2/m^2.m^2/s   |Zonal      Advective Flux of fract area
   350 |ADVyAREA|  1 |   349 |VV      M1|m^2/m^2.m^2/s   |Meridional Advective Flux of fract area
   351 |DFxEAREA|  1 |   352 |UU      M1|m^2/m^2.m^2/s   |Zonal      Diffusive Flux of fract area
   352 |DFyEAREA|  1 |   351 |VV      M1|m^2/m^2.m^2/s   |Meridional Diffusive Flux of fract area
   353 |ADVxSNOW|  1 |   354 |UU      M1|m.m^2/s         |Zonal      Advective Flux of eff snow thickn
   354 |ADVySNOW|  1 |   353 |VV      M1|m.m^2/s         |Meridional Advective Flux of eff snow thickn
   355 |DFxESNOW|  1 |   356 |UU      M1|m.m^2/s         |Zonal      Diffusive Flux of eff snow thickn
   356 |DFyESNOW|  1 |   355 |VV      M1|m.m^2/s         |Meridional Diffusive Flux of eff snow thickn
   357 |ADVxSSLT|  1 |   358 |UU      M1|g/kg.m^2/s      |Zonal      Advective Flux of seaice salinity
   358 |ADVySSLT|  1 |   357 |VV      M1|g/kg.m^2/s      |Meridional Advective Flux of seaice salinity
   359 |DFxESSLT|  1 |   360 |UU      M1|g/kg.m^2/s      |Zonal      Diffusive Flux of seaice salinity
   360 |DFyESSLT|  1 |   359 |VV      M1|g/kg.m^2/s      |Meridional Diffusive Flux of seaice salinity
   361 |SIuheff |  1 |   362 |UU      M1|m^2/s           |Zonal      Transport of eff ice thickn (centered)
   362 |SIvheff |  1 |   361 |VV      M1|m^2/s           |Meridional Transport of eff ice thickn (centered)
   363 |SIpress |  1 |       |SM      M1|N/m             |SEAICE strength (with upper and lower limit)
   364 |SIzeta  |  1 |       |SM      M1|kg/s            |SEAICE nonlinear bulk viscosity
   365 |SIeta   |  1 |       |SM      M1|kg/s            |SEAICE nonlinear shear viscosity
   366 |SIsig1  |  1 |       |SM      M1|no units        |SEAICE normalized principle stress, component one
   367 |SIsig2  |  1 |       |SM      M1|no units        |SEAICE normalized principle stress, component two
   368 |SIshear |  1 |       |SM      M1|1/s             |SEAICE shear deformation rate
   369 |SIdelta |  1 |       |SM      M1|1/s             |SEAICE Delta deformation rate
   370 |SItensil|  1 |       |SM      M1|N/m             |SEAICE maximal tensile strength
   371 |ADJarea |  1 |       |SM A    M1|dJ/(m^2/m^2)    |dJ/darea: Sensitivity to seaice fractional ice-cover
   372 |ADJheff |  1 |       |SM A    M1|dJ/dm           |dJ/dheff: Sensitvity to seaice ice thickness
   373 |ADJhsnow|  1 |       |SM A    M1|dJ/dm           |dJ/dhsnow: Sensitivity to seaice snow thickness
   374 |ADJuice |  1 |   375 |UU A    M1|dJ/(m/s)        |dJ/duice: sensitivity to zonal ice velocity
   375 |ADJvice |  1 |   374 |VV A    M1|dJ/(m/s)        |dJ/dvice: sensitivity to meridional ice velocity
------------------------------------------------------------------------------------
  Num  |<-Name->|Levs|  mate |<- code ->|<--  Units   -->|<- Tile (max=80c)         
------------------------------------------------------------------------------------
